Watching for file changes with StatReloader
Waiting for apps ready_event.
Apps ready_event triggered. Sending autoreload_started signal.
Watching dir C:\py3.9\Scripts\hello_django\locale with glob **/*.mo.
Watching dir C:\py3.9\Scripts\hello_django\myhello\locale with glob **/*.mo.
(0.000) 
            SELECT name, type FROM sqlite_master
            WHERE type in ('table', 'view') AND NOT name='sqlite_sequence'
            ORDER BY name; args=None
File C:\py3.9\Lib\site-packages\django\db\migrations\operations\special.py first seen with mtime 1622725688.289938
File C:\py3.9\Lib\site-packages\django\core\files\locks.py first seen with mtime 1622725688.1244786
File C:\Python36\Lib\subprocess.py first seen with mtime 1499448222.0
File C:\Python36\Lib\email\iterators.py first seen with mtime 1497700638.0
File C:\Python36\Lib\sre_constants.py first seen with mtime 1497700638.0
File C:\py3.9\Lib\site-packages\django\utils\decorators.py first seen with mtime 1622725688.5199933
File C:\py3.9\Lib\site-packages\django\db\backends\sqlite3\creation.py first seen with mtime 1622725688.261433
File C:\Python36\Lib\typing.py first seen with mtime 1497700638.0
File C:\Python36\Lib\asyncio\transports.py first seen with mtime 1497700638.0
File C:\Python36\Lib\tempfile.py first seen with mtime 1497700638.0
File C:\Python36\Lib\threading.py first seen with mtime 1497700638.0
File C:\py3.9\Lib\site-packages\django\contrib\staticfiles\management\commands\runserver.py first seen with mtime 1622725688.075683
File C:\py3.9\Lib\site-packages\django\template\loaders\app_directories.py first seen with mtime 1622725688.470435
File C:\Python36\Lib\enum.py first seen with mtime 1497700638.0
File C:\py3.9\Lib\site-packages\django\template\context.py first seen with mtime 1622725688.4478464
File C:\py3.9\Lib\site-packages\django\core\serializers\json.py first seen with mtime 1622725688.192956
File C:\Python36\Lib\fnmatch.py first seen with mtime 1497700638.0
File C:\py3.9\Lib\site-packages\django\core\management\color.py first seen with mtime 1622725688.1537044
File C:\Python36\Lib\ast.py first seen with mtime 1497700638.0
File C:\py3.9\Lib\site-packages\django\db\models\fields\mixins.py first seen with mtime 1622725688.3195522
File C:\py3.9\Lib\site-packages\django\core\management\base.py first seen with mtime 1622725688.152704
File C:\Python36\Lib\encodings\utf_8.py first seen with mtime 1497700638.0
File C:\Python36\DLLs\_socket.pyd first seen with mtime 1499461142.0
File C:\py3.9\Lib\site-packages\django\utils\dateformat.py first seen with mtime 1622725688.5139914
File C:\py3.9\Lib\site-packages\django\contrib\staticfiles\__init__.py first seen with mtime 1622725688.0579605
File C:\py3.9\Lib\site-packages\django\contrib\contenttypes\management\__init__.py first seen with mtime 1622725686.0417
File C:\py3.9\Lib\site-packages\django\db\models\functions\math.py first seen with mtime 1622725688.3307624
File C:\Python36\Lib\distutils\__init__.py first seen with mtime 1497700638.0
File C:\Python36\Lib\asyncio\protocols.py first seen with mtime 1497700638.0
File C:\Python36\Lib\copy.py first seen with mtime 1497700638.0
File C:\Python36\Lib\_collections_abc.py first seen with mtime 1497700638.0
File C:\py3.9\Lib\site-packages\django\contrib\staticfiles\management\__init__.py first seen with mtime 1622725688.0706806
File C:\Python36\Lib\linecache.py first seen with mtime 1497700638.0
File C:\py3.9\Lib\site-packages\asgiref\local.py first seen with mtime 1622725683.8177333
File C:\Python36\Lib\email\mime\__init__.py first seen with mtime 1497700638.0
File C:\py3.9\Lib\site-packages\django\contrib\admin\helpers.py first seen with mtime 1622725684.394382
File C:\Python36\DLLs\_multiprocessing.pyd first seen with mtime 1499461106.0
File C:\py3.9\Lib\site-packages\django\forms\renderers.py first seen with mtime 1622725688.3566558
File C:\py3.9\Lib\site-packages\django\apps\__init__.py first seen with mtime 1622725683.895989
File C:\py3.9\Lib\site-packages\django\core\signals.py first seen with mtime 1622725688.085686
File C:\py3.9\Lib\site-packages\django\db\models\fields\reverse_related.py first seen with mtime 1622725688.3257616
File C:\py3.9\Lib\site-packages\django\core\mail\utils.py first seen with mtime 1622725688.1414833
File C:\Python36\Lib\contextlib.py first seen with mtime 1497700638.0
File C:\py3.9\Lib\site-packages\django\db\migrations\operations\base.py first seen with mtime 1622725688.2859366
File C:\Python36\Lib\asyncio\selector_events.py first seen with mtime 1497700638.0
File C:\py3.9\Lib\site-packages\django\contrib\admin\views\autocomplete.py first seen with mtime 1622725685.1525753
File C:\py3.9\Lib\site-packages\django\db\backends\sqlite3\operations.py first seen with mtime 1622725688.2654343
File C:\py3.9\Lib\site-packages\django\urls\converters.py first seen with mtime 1622725688.4974413
File C:\Python36\DLLs\_decimal.pyd first seen with mtime 1499461102.0
File C:\py3.9\Lib\site-packages\django\contrib\admin\actions.py first seen with mtime 1622725684.3863356
File C:\Python36\Lib\email\parser.py first seen with mtime 1497700638.0
File C:\py3.9\Lib\site-packages\django\db\migrations\migration.py first seen with mtime 1622725688.274934
File C:\py3.9\Lib\site-packages\django\core\management\commands\runserver.py first seen with mtime 1622725688.1749516
File C:\py3.9\Lib\site-packages\django\db\backends\utils.py first seen with mtime 1622725688.2077088
File C:\py3.9\Lib\site-packages\django\views\generic\detail.py first seen with mtime 1622725688.580042
File C:\py3.9\Lib\site-packages\django\conf\locale\__init__.py first seen with mtime 1622725683.9127717
File C:\Python36\Lib\ctypes\_endian.py first seen with mtime 1497700638.0
File C:\Python36\Lib\_weakrefset.py first seen with mtime 1497700638.0
File C:\py3.9\Lib\site-packages\django\template\exceptions.py first seen with mtime 1622725688.4548478
File C:\py3.9\Lib\site-packages\pytz\__init__.py first seen with mtime 1622725683.037694
File C:\py3.9\Lib\site-packages\django\core\mail\__init__.py first seen with mtime 1622725688.1394832
File C:\Python36\Lib\collections\__init__.py first seen with mtime 1497700638.0
File C:\Python36\Lib\concurrent\futures\__init__.py first seen with mtime 1497700638.0
File C:\py3.9\Lib\site-packages\django\core\serializers\__init__.py first seen with mtime 1622725688.189955
File C:\py3.9\Lib\site-packages\django\contrib\admin\templatetags\base.py first seen with mtime 1622725685.148574
File C:\py3.9\Lib\site-packages\django\utils\autoreload.py first seen with mtime 1622725688.5069866
File C:\py3.9\Lib\site-packages\django\core\servers\__init__.py first seen with mtime 1622725688.1979494
File C:\Python36\Lib\urllib\request.py first seen with mtime 1497700638.0
File C:\Python36\Lib\urllib\error.py first seen with mtime 1497700638.0
File C:\py3.9\Scripts\hello_django\hello_django\__init__.py first seen with mtime 1622725732.8369017
File C:\py3.9\Lib\site-packages\django\contrib\auth\tokens.py first seen with mtime 1622725685.451282
File C:\py3.9\Lib\site-packages\django\db\models\sql\datastructures.py first seen with mtime 1622725688.3397646
File C:\py3.9\Lib\site-packages\django\contrib\admin\templatetags\admin_modify.py first seen with mtime 1622725685.1465738
File C:\Python36\DLLs\_lzma.pyd first seen with mtime 1499461140.0
File C:\Python36\Lib\email\base64mime.py first seen with mtime 1497700638.0
File C:\py3.9\Lib\site-packages\django\template\loader_tags.py first seen with mtime 1622725688.4578485
File C:\Python36\Lib\unittest\runner.py first seen with mtime 1497700638.0
File C:\Python36\Lib\asyncio\events.py first seen with mtime 1497700638.0
File C:\py3.9\Scripts\hello_django\hello_django\settings.py first seen with mtime 1622726654.5136108
File C:\py3.9\Lib\site-packages\django\contrib\admin\templatetags\admin_list.py first seen with mtime 1622725685.145574
File C:\Python36\Lib\random.py first seen with mtime 1497700638.0
File C:\Python36\Lib\textwrap.py first seen with mtime 1497700638.0
File C:\py3.9\Lib\site-packages\django\utils\timesince.py first seen with mtime 1622725688.5457678
File C:\Python36\DLLs\_hashlib.pyd first seen with mtime 1499461218.0
File C:\py3.9\Lib\site-packages\django\db\transaction.py first seen with mtime 1622725688.2017076
File C:\py3.9\Lib\site-packages\django\contrib\auth\signals.py first seen with mtime 1622725685.450279
File C:\py3.9\Lib\site-packages\django\views\static.py first seen with mtime 1622725688.565406
File C:\Python36\Lib\pathlib.py first seen with mtime 1497700638.0
File C:\py3.9\Lib\site-packages\django\contrib\contenttypes\models.py first seen with mtime 1622725685.7586956
File C:\py3.9\Lib\site-packages\django\forms\models.py first seen with mtime 1622725688.3556547
File C:\py3.9\Lib\site-packages\django\core\__init__.py first seen with mtime 1622725688.079685
File C:\py3.9\Lib\site-packages\django\contrib\auth\admin.py first seen with mtime 1622725685.4327078
File C:\Python36\Lib\wsgiref\util.py first seen with mtime 1497700638.0
File C:\Python36\Lib\email\mime\nonmultipart.py first seen with mtime 1497700638.0
File C:\py3.9\Lib\site-packages\django\db\models\aggregates.py first seen with mtime 1622725688.293939
File C:\Python36\Lib\queue.py first seen with mtime 1497700638.0
File C:\py3.9\Lib\site-packages\pytz\lazy.py first seen with mtime 1622725683.0396953
File C:\Python36\DLLs\_overlapped.pyd first seen with mtime 1499461106.0
File C:\py3.9\Lib\site-packages\_virtualenv.py first seen with mtime 1622725543.2889223
File C:\py3.9\Lib\site-packages\django\core\checks\security\csrf.py first seen with mtime 1622725688.1184778
File C:\py3.9\Lib\site-packages\django\core\files\uploadhandler.py first seen with mtime 1622725688.1314812
File C:\py3.9\Lib\site-packages\django\contrib\admin\checks.py first seen with mtime 1622725684.3883376
File C:\py3.9\Lib\site-packages\sqlparse\utils.py first seen with mtime 1622725682.9370747
File C:\py3.9\Lib\site-packages\django\db\backends\base\operations.py first seen with mtime 1622725688.216711
File C:\py3.9\Scripts\hello_django\myhello\views.py first seen with mtime 1622726700.016554
File C:\Python36\Lib\platform.py first seen with mtime 1497700638.0
File C:\py3.9\Lib\site-packages\django\db\models\deletion.py first seen with mtime 1622725688.2999396
File C:\Python36\DLLs\_ssl.pyd first seen with mtime 1499461230.0
File C:\py3.9\Lib\site-packages\django\utils\translation\reloader.py first seen with mtime 1622725688.5544024
File C:\Python36\Lib\encodings\__init__.py first seen with mtime 1497700638.0
File C:\py3.9\Lib\site-packages\django\contrib\admin\filters.py first seen with mtime 1622725684.3923814
File C:\py3.9\Lib\site-packages\django\db\backends\base\validation.py first seen with mtime 1622725688.2187119
File C:\py3.9\Lib\site-packages\django\db\models\indexes.py first seen with mtime 1622725688.3049402
File C:\py3.9\Lib\site-packages\django\contrib\admin\options.py first seen with mtime 1622725684.3973823
File C:\py3.9\Lib\site-packages\django\db\migrations\__init__.py first seen with mtime 1622725688.26824
File C:\py3.9\Lib\site-packages\django\contrib\auth\management\__init__.py first seen with mtime 1622725685.7270844
File C:\py3.9\Lib\site-packages\django\utils\dates.py first seen with mtime 1622725688.5159917
File C:\py3.9\Lib\site-packages\django\db\backends\__init__.py first seen with mtime 1622725688.203708
File C:\py3.9\Lib\site-packages\django\core\checks\messages.py first seen with mtime 1622725688.1084013
File C:\Python36\Lib\uu.py first seen with mtime 1497700638.0
File C:\Python36\Lib\http\server.py first seen with mtime 1497700638.0
File C:\Python36\Lib\asyncio\sslproto.py first seen with mtime 1497700638.0
File C:\py3.9\Lib\site-packages\django\contrib\contenttypes\checks.py first seen with mtime 1622725685.754695
File C:\py3.9\Lib\site-packages\django\contrib\admin\utils.py first seen with mtime 1622725684.401383
File C:\py3.9\Lib\site-packages\django\http\multipartparser.py first seen with mtime 1622725688.4298427
File C:\py3.9\Lib\site-packages\django\template\library.py first seen with mtime 1622725688.455849
File C:\py3.9\Lib\site-packages\pytz\tzinfo.py first seen with mtime 1622725683.0436954
File C:\py3.9\Lib\site-packages\django\utils\termcolors.py first seen with mtime 1622725688.54316
File C:\Python36\Lib\calendar.py first seen with mtime 1497700638.0
File C:\py3.9\Lib\site-packages\django\db\migrations\state.py first seen with mtime 1622725688.2819352
File C:\Python36\DLLs\unicodedata.pyd first seen with mtime 1499461110.0
File C:\Python36\Lib\multiprocessing\util.py first seen with mtime 1497700638.0
File C:\py3.9\Lib\site-packages\django\contrib\admin\widgets.py first seen with mtime 1622725684.4033844
File C:\py3.9\Lib\site-packages\django\utils\regex_helper.py first seen with mtime 1622725688.5411582
File C:\Python36\Lib\email\feedparser.py first seen with mtime 1497700638.0
File C:\py3.9\Lib\site-packages\django\middleware\csrf.py first seen with mtime 1622725688.438844
File C:\py3.9\Lib\site-packages\django\template\loaders\__init__.py first seen with mtime 1622725688.4694345
File C:\py3.9\Lib\site-packages\pytz\exceptions.py first seen with mtime 1622725683.038695
File C:\py3.9\Lib\site-packages\django\template\engine.py first seen with mtime 1622725688.4538474
File C:\Python36\Lib\asyncio\base_tasks.py first seen with mtime 1497700638.0
File C:\Python36\Lib\distutils\version.py first seen with mtime 1497700638.0
File C:\py3.9\Lib\site-packages\django\urls\conf.py first seen with mtime 1622725688.4964406
File C:\py3.9\Lib\site-packages\django\db\models\functions\text.py first seen with mtime 1622725688.3337631
File C:\Python36\Lib\email\header.py first seen with mtime 1497700638.0
File C:\Python36\Lib\genericpath.py first seen with mtime 1497700638.0
File C:\Python36\Lib\multiprocessing\context.py first seen with mtime 1497700638.0
File C:\Python36\Lib\wsgiref\headers.py first seen with mtime 1497700638.0
File C:\Python36\Lib\wsgiref\__init__.py first seen with mtime 1497700638.0
File C:\py3.9\Lib\site-packages\sqlparse\lexer.py first seen with mtime 1622725682.9330735
File C:\py3.9\Lib\site-packages\asgiref\current_thread_executor.py first seen with mtime 1622725683.8167331
File C:\py3.9\Lib\site-packages\django\urls\exceptions.py first seen with mtime 1622725688.498441
File C:\py3.9\Lib\site-packages\django\template\loaders\base.py first seen with mtime 1622725688.471435
File C:\Python36\Lib\email\generator.py first seen with mtime 1497700638.0
File C:\Python36\Lib\email\contentmanager.py first seen with mtime 1497700638.0
File C:\Python36\Lib\asyncio\streams.py first seen with mtime 1497700638.0
File C:\py3.9\Lib\site-packages\django\views\decorators\csrf.py first seen with mtime 1622725688.5710378
File C:\Python36\Lib\urllib\response.py first seen with mtime 1497700638.0
File C:\py3.9\Lib\site-packages\django\middleware\__init__.py first seen with mtime 1622725688.4338434
File C:\py3.9\Lib\site-packages\django\views\i18n.py first seen with mtime 1622725688.5644047
File C:\py3.9\Lib\site-packages\django\apps\registry.py first seen with mtime 1622725683.897989
File C:\Python36\Lib\reprlib.py first seen with mtime 1497700638.0
File C:\Python36\Lib\unittest\result.py first seen with mtime 1497700638.0
File C:\py3.9\Lib\site-packages\django\db\models\utils.py first seen with mtime 1622725688.3135507
File C:\py3.9\Lib\site-packages\django\contrib\auth\checks.py first seen with mtime 1622725685.4367213
File C:\py3.9\Lib\site-packages\django\db\models\constants.py first seen with mtime 1622725688.296939
File C:\py3.9\Lib\site-packages\django\views\generic\base.py first seen with mtime 1622725688.5780408
File C:\py3.9\Lib\site-packages\django\template\base.py first seen with mtime 1622725688.4468462
File C:\py3.9\Lib\site-packages\django\core\cache\backends\filebased.py first seen with mtime 1622725688.099399
File C:\py3.9\Lib\site-packages\django\urls\resolvers.py first seen with mtime 1622725688.4999833
File C:\py3.9\Lib\site-packages\sqlparse\engine\filter_stack.py first seen with mtime 1622725682.941066
File C:\Python36\Lib\asyncio\queues.py first seen with mtime 1497700638.0
File C:\Python36\Lib\email\__init__.py first seen with mtime 1497700638.0
File C:\py3.9\Scripts\hello_django\myhello\urls.py first seen with mtime 1622726650.9047122
File C:\py3.9\Lib\site-packages\django\contrib\contenttypes\views.py first seen with mtime 1622725685.7596965
File C:\py3.9\Lib\site-packages\django\core\paginator.py first seen with mtime 1622725688.0846856
File C:\Python36\Lib\sqlite3\dbapi2.py first seen with mtime 1497700638.0
File C:\py3.9\Lib\site-packages\django\contrib\auth\middleware.py first seen with mtime 1622725685.444949
File C:\Python36\Lib\importlib\util.py first seen with mtime 1497700638.0
File C:\py3.9\Lib\site-packages\django\utils\http.py first seen with mtime 1622725688.5309954
File C:\py3.9\Scripts\hello_django\manage.py first seen with mtime 1622725732.8298993
File C:\py3.9\Lib\site-packages\django\contrib\admin\views\__init__.py first seen with mtime 1622725685.1505747
File C:\Python36\Lib\base64.py first seen with mtime 1497700638.0
File C:\py3.9\Lib\site-packages\django\contrib\contenttypes\__init__.py first seen with mtime 1622725685.7506926
File C:\py3.9\Lib\site-packages\django\contrib\admin\exceptions.py first seen with mtime 1622725684.3913794
File C:\py3.9\Lib\site-packages\django\contrib\admin\sites.py first seen with mtime 1622725684.399383
File C:\py3.9\Lib\site-packages\django\forms\formsets.py first seen with mtime 1622725688.354208
File C:\py3.9\Lib\site-packages\django\views\decorators\__init__.py first seen with mtime 1622725688.5666118
File C:\py3.9\Lib\site-packages\django\conf\__init__.py first seen with mtime 1622725683.9019902
File C:\py3.9\Lib\site-packages\django\utils\timezone.py first seen with mtime 1622725688.5467699
File C:\py3.9\Lib\site-packages\django\db\models\functions\__init__.py first seen with mtime 1622725688.3267615
File C:\py3.9\Lib\site-packages\django\utils\ipv6.py first seen with mtime 1622725688.5328062
File C:\py3.9\Lib\site-packages\django\core\serializers\base.py first seen with mtime 1622725688.1909554
File C:\Python36\Lib\multiprocessing\__init__.py first seen with mtime 1497700638.0
File C:\py3.9\Lib\site-packages\django\db\models\fields\related_descriptors.py first seen with mtime 1622725688.3235533
File C:\Python36\Lib\glob.py first seen with mtime 1497700638.0
File C:\py3.9\Lib\site-packages\django\contrib\contenttypes\admin.py first seen with mtime 1622725685.7516947
File C:\Python36\Lib\types.py first seen with mtime 1497700638.0
File C:\Python36\Lib\warnings.py first seen with mtime 1497700638.0
File C:\Python36\Lib\email\policy.py first seen with mtime 1497700638.0
File C:\Python36\Lib\email\_parseaddr.py first seen with mtime 1497700638.0
File C:\py3.9\Lib\site-packages\django\utils\formats.py first seen with mtime 1622725688.5259943
File C:\Python36\Lib\ctypes\wintypes.py first seen with mtime 1497700638.0
File C:\Python36\Lib\signal.py first seen with mtime 1497700638.0
File C:\py3.9\Lib\site-packages\django\template\loader.py first seen with mtime 1622725688.456849
File C:\py3.9\Lib\site-packages\django\core\checks\__init__.py first seen with mtime 1622725688.1033847
File C:\py3.9\Lib\site-packages\django\templatetags\cache.py first seen with mtime 1622725688.4774363
File C:\Python36\Lib\concurrent\futures\process.py first seen with mtime 1497700638.0
File C:\py3.9\Scripts\hello_django\myhello\admin.py first seen with mtime 1622726121.3434722
File C:\Python36\DLLs\_asyncio.pyd first seen with mtime 1499461100.0
File C:\Python36\Lib\concurrent\futures\_base.py first seen with mtime 1497700638.0
File C:\Python36\Lib\collections\abc.py first seen with mtime 1497700638.0
File C:\py3.9\Lib\site-packages\django\contrib\admin\apps.py first seen with mtime 1622725684.3873377
File C:\py3.9\Lib\site-packages\django\db\backends\base\schema.py first seen with mtime 1622725688.2177112
File C:\py3.9\Lib\site-packages\django\template\defaultfilters.py first seen with mtime 1622725688.4508474
File C:\py3.9\Lib\site-packages\django\db\__init__.py first seen with mtime 1622725688.2007077
File C:\py3.9\Lib\site-packages\django\core\handlers\__init__.py first seen with mtime 1622725688.1324813
File C:\py3.9\Lib\site-packages\sqlparse\engine\grouping.py first seen with mtime 1622725682.942062
File C:\py3.9\Lib\site-packages\django\utils\duration.py first seen with mtime 1622725688.5219934
File C:\py3.9\Lib\site-packages\django\db\models\query_utils.py first seen with mtime 1622725688.3115504
File C:\py3.9\Lib\site-packages\django\db\models\functions\window.py first seen with mtime 1622725688.3347633
File C:\py3.9\Lib\site-packages\django\contrib\auth\hashers.py first seen with mtime 1622725685.4439485
File C:\Python36\Lib\unittest\util.py first seen with mtime 1497700638.0
File C:\py3.9\Lib\site-packages\django\core\checks\database.py first seen with mtime 1622725688.1074007
File C:\py3.9\Lib\site-packages\django\contrib\sessions\apps.py first seen with mtime 1622725687.5028064
File C:\py3.9\Scripts\hello_django\myhello\apps.py first seen with mtime 1622726121.3464718
File C:\Python36\Lib\email\_encoded_words.py first seen with mtime 1497700638.0
File C:\Python36\Lib\operator.py first seen with mtime 1497700638.0
File C:\py3.9\Lib\site-packages\django\templatetags\static.py first seen with mtime 1622725688.4804373
File C:\Python36\Lib\unittest\suite.py first seen with mtime 1497700638.0
File C:\py3.9\Lib\site-packages\sqlparse\formatter.py first seen with mtime 1622725682.931074
File C:\py3.9\Lib\site-packages\django\contrib\staticfiles\apps.py first seen with mtime 1622725688.0599606
File C:\Python36\Lib\struct.py first seen with mtime 1497700638.0
File C:\py3.9\Lib\site-packages\django\core\files\images.py first seen with mtime 1622725688.1234784
File C:\py3.9\Lib\site-packages\django\forms\forms.py first seen with mtime 1622725688.353208
File C:\Python36\Lib\bisect.py first seen with mtime 1497700638.0
File C:\py3.9\Lib\site-packages\django\db\backends\base\client.py first seen with mtime 1622725688.21171
File C:\py3.9\Lib\site-packages\django\contrib\sites\__init__.py first seen with mtime 1622725687.7829118
File C:\py3.9\Lib\site-packages\django\db\models\sql\subqueries.py first seen with mtime 1622725688.3427646
File C:\Python36\Lib\_compression.py first seen with mtime 1497700638.0
File C:\Python36\Lib\multiprocessing\reduction.py first seen with mtime 1497700638.0
File C:\py3.9\Lib\site-packages\django\db\models\__init__.py first seen with mtime 1622725688.292938
File C:\py3.9\Lib\site-packages\django\template\response.py first seen with mtime 1622725688.458849
File C:\py3.9\Lib\site-packages\django\views\decorators\cache.py first seen with mtime 1622725688.5676136
File C:\Python36\Lib\importlib\machinery.py first seen with mtime 1497700638.0
File C:\Python36\Lib\sre_compile.py first seen with mtime 1497700638.0
File C:\py3.9\Lib\site-packages\django\contrib\auth\models.py first seen with mtime 1622725685.447949
File C:\Python36\Lib\abc.py first seen with mtime 1497700638.0
File C:\py3.9\Lib\site-packages\django\core\handlers\asgi.py first seen with mtime 1622725688.1344817
File C:\Python36\Lib\logging\__init__.py first seen with mtime 1497700638.0
File C:\Python36\Lib\html\__init__.py first seen with mtime 1497700638.0
File C:\py3.9\Lib\site-packages\django\db\models\fields\related.py first seen with mtime 1622725688.3215535
File C:\Python36\Lib\logging\config.py first seen with mtime 1497700638.0
File C:\Python36\Lib\token.py first seen with mtime 1497700638.0
File C:\py3.9\Lib\site-packages\django\views\csrf.py first seen with mtime 1622725688.5604036
File C:\py3.9\Lib\site-packages\django\utils\deprecation.py first seen with mtime 1622725688.5209932
File C:\Python36\DLLs\_sqlite3.pyd first seen with mtime 1499461138.0
File C:\py3.9\Lib\site-packages\django\contrib\auth\base_user.py first seen with mtime 1622725685.4357214
File C:\py3.9\Lib\site-packages\sqlparse\filters\tokens.py first seen with mtime 1622725682.9520736
File C:\py3.9\Lib\site-packages\django\core\servers\basehttp.py first seen with mtime 1622725688.1997056
File C:\Python36\Lib\_sitebuiltins.py first seen with mtime 1497700638.0
File C:\py3.9\Lib\site-packages\django\contrib\auth\backends.py first seen with mtime 1622725685.4347186
File C:\py3.9\Lib\site-packages\django\contrib\contenttypes\fields.py first seen with mtime 1622725685.7556963
File C:\Python36\Lib\json\decoder.py first seen with mtime 1497700638.0
File C:\py3.9\Lib\site-packages\django\__init__.py first seen with mtime 1622725683.8917656
File C:\Python36\Lib\http\client.py first seen with mtime 1497700638.0
File C:\Python36\Lib\hmac.py first seen with mtime 1497700638.0
File C:\py3.9\Lib\site-packages\django\contrib\auth\validators.py first seen with mtime 1622725685.453283
File C:\py3.9\Lib\site-packages\django\db\backends\sqlite3\client.py first seen with mtime 1622725688.2594328
File C:\py3.9\Lib\site-packages\django\utils\deconstruct.py first seen with mtime 1622725688.5189924
File C:\Python36\Lib\getpass.py first seen with mtime 1497700638.0
File C:\Python36\Lib\unittest\loader.py first seen with mtime 1497700638.0
File C:\py3.9\Lib\site-packages\django\db\backends\base\__init__.py first seen with mtime 1622725688.2087097
File C:\Python36\Lib\inspect.py first seen with mtime 1497700638.0
File C:\py3.9\Lib\site-packages\pytz\tzfile.py first seen with mtime 1622725683.0426953
File C:\py3.9\Lib\site-packages\django\db\models\fields\__init__.py first seen with mtime 1622725688.3155513
File C:\py3.9\Lib\site-packages\django\views\defaults.py first seen with mtime 1622725688.5624042
File C:\Python36\Lib\pickle.py first seen with mtime 1497700638.0
File C:\py3.9\Lib\site-packages\django\utils\translation\__init__.py first seen with mtime 1622725688.5524018
File C:\py3.9\Lib\site-packages\django\db\backends\sqlite3\schema.py first seen with mtime 1622725688.2662382
File C:\Python36\Lib\ssl.py first seen with mtime 1497700638.0
File C:\py3.9\Lib\site-packages\django\db\migrations\utils.py first seen with mtime 1622725688.2829359
File C:\py3.9\Lib\site-packages\django\utils\functional.py first seen with mtime 1622725688.526994
File C:\Python36\Lib\datetime.py first seen with mtime 1497700638.0
File C:\py3.9\Lib\site-packages\django\core\wsgi.py first seen with mtime 1622725688.0896866
File C:\py3.9\Lib\site-packages\django\utils\encoding.py first seen with mtime 1622725688.522993
File C:\py3.9\Lib\site-packages\django\conf\global_settings.py first seen with mtime 1622725683.9029908
File C:\Python36\Lib\asyncio\base_events.py first seen with mtime 1497700638.0
File C:\Python36\Lib\ctypes\util.py first seen with mtime 1497700638.0
File C:\py3.9\Scripts\hello_django\myhello\models.py first seen with mtime 1622726121.3535948
File C:\py3.9\Lib\site-packages\django\db\models\sql\query.py first seen with mtime 1622725688.3417652
File C:\py3.9\Lib\site-packages\django\core\files\base.py first seen with mtime 1622725688.122478
File C:\py3.9\Lib\site-packages\django\contrib\staticfiles\handlers.py first seen with mtime 1622725688.0629613
File C:\Python36\Lib\encodings\latin_1.py first seen with mtime 1497700638.0
File C:\Python36\Lib\ipaddress.py first seen with mtime 1497700638.0
File C:\Python36\Lib\asyncio\log.py first seen with mtime 1497700638.0
File C:\Python36\Lib\asyncio\proactor_events.py first seen with mtime 1497700638.0
File C:\Python36\Lib\os.py first seen with mtime 1497700638.0
File C:\Python36\Lib\sqlite3\__init__.py first seen with mtime 1497700638.0
File C:\Python36\Lib\weakref.py first seen with mtime 1497700638.0
File C:\py3.9\Lib\site-packages\django\core\management\commands\__init__.py first seen with mtime 1622725688.1584063
File C:\py3.9\Lib\site-packages\django\db\models\sql\where.py first seen with mtime 1622725688.343765
File C:\Python36\Lib\argparse.py first seen with mtime 1497700638.0
File C:\py3.9\Lib\site-packages\django\core\files\__init__.py first seen with mtime 1622725688.1214802
File C:\Python36\DLLs\_ctypes.pyd first seen with mtime 1499461100.0
File C:\py3.9\Lib\site-packages\django\db\backends\base\features.py first seen with mtime 1622725688.2137108
File C:\py3.9\Lib\site-packages\django\utils\module_loading.py first seen with mtime 1622725688.5388067
File C:\Python36\Lib\asyncio\tasks.py first seen with mtime 1497700638.0
File C:\Python36\Lib\asyncio\futures.py first seen with mtime 1497700638.0
File C:\Python36\Lib\copyreg.py first seen with mtime 1497700638.0
File C:\Python36\Lib\fractions.py first seen with mtime 1497700638.0
File C:\py3.9\Lib\site-packages\django\contrib\sites\shortcuts.py first seen with mtime 1622725687.7949207
File C:\py3.9\Lib\site-packages\django\views\generic\__init__.py first seen with mtime 1622725688.5770404
File C:\py3.9\Lib\site-packages\django\core\cache\utils.py first seen with mtime 1622725688.092687
File C:\Python36\Lib\email\mime\base.py first seen with mtime 1497700638.0
File C:\Python36\Lib\asyncio\compat.py first seen with mtime 1497700638.0
File C:\py3.9\Lib\site-packages\django\forms\widgets.py first seen with mtime 1622725688.359657
File C:\py3.9\Lib\site-packages\django\utils\itercompat.py first seen with mtime 1622725688.533806
File C:\Python36\Lib\mimetypes.py first seen with mtime 1497700638.0
File C:\Python36\Lib\ctypes\__init__.py first seen with mtime 1497700638.0
File C:\py3.9\Lib\site-packages\django\db\backends\sqlite3\__init__.py first seen with mtime 1622725688.2574317
File C:\py3.9\Lib\site-packages\django\utils\crypto.py first seen with mtime 1622725688.5122597
File C:\Python36\Lib\email\encoders.py first seen with mtime 1497700638.0
File C:\py3.9\Lib\site-packages\sqlparse\sql.py first seen with mtime 1622725682.9350765
File C:\py3.9\Lib\site-packages\django\core\checks\caches.py first seen with mtime 1622725688.1063855
File C:\py3.9\Lib\site-packages\django\utils\asyncio.py first seen with mtime 1622725688.5059862
File C:\py3.9\Lib\site-packages\django\core\cache\__init__.py first seen with mtime 1622725688.0916958
File C:\py3.9\Lib\site-packages\django\urls\base.py first seen with mtime 1622725688.495441
File C:\py3.9\Lib\site-packages\django\dispatch\dispatcher.py first seen with mtime 1622725688.346205
File C:\py3.9\Lib\site-packages\django\forms\boundfield.py first seen with mtime 1622725688.350207
File C:\py3.9\Lib\site-packages\sqlparse\exceptions.py first seen with mtime 1622725682.9290733
File C:\py3.9\Lib\site-packages\django\contrib\staticfiles\views.py first seen with mtime 1622725688.0689628
File C:\py3.9\Lib\site-packages\django\db\models\enums.py first seen with mtime 1622725688.30094
File C:\py3.9\Lib\site-packages\django\template\backends\base.py first seen with mtime 1622725688.46385
File C:\Python36\Lib\lzma.py first seen with mtime 1497700638.0
File C:\Python36\Lib\pprint.py first seen with mtime 1497700638.0
File C:\py3.9\Lib\site-packages\sqlparse\filters\output.py first seen with mtime 1622725682.948078
File C:\py3.9\Lib\site-packages\django\core\files\storage.py first seen with mtime 1622725688.1264796
File C:\py3.9\Lib\site-packages\django\utils\cache.py first seen with mtime 1622725688.5092595
File C:\py3.9\Lib\site-packages\django\contrib\admin\__init__.py first seen with mtime 1622725684.3847258
File C:\py3.9\Lib\site-packages\sqlparse\filters\reindent.py first seen with mtime 1622725682.9490786
File C:\py3.9\Lib\site-packages\django\core\validators.py first seen with mtime 1622725688.088686
File C:\py3.9\Lib\site-packages\django\views\decorators\common.py first seen with mtime 1622725688.5696137
File C:\py3.9\Lib\site-packages\django\core\cache\backends\locmem.py first seen with mtime 1622725688.1013844
File C:\py3.9\Lib\site-packages\django\core\files\utils.py first seen with mtime 1622725688.1324813
File C:\py3.9\Lib\site-packages\django\db\models\manager.py first seen with mtime 1622725688.306941
File C:\Python36\Lib\importlib\abc.py first seen with mtime 1497700638.0
File C:\Python36\Lib\unittest\case.py first seen with mtime 1497700638.0
File C:\py3.9\Lib\site-packages\django\templatetags\tz.py first seen with mtime 1622725688.4824376
File C:\py3.9\Lib\site-packages\django\core\checks\registry.py first seen with mtime 1622725688.1104026
File C:\py3.9\Lib\site-packages\django\core\checks\security\sessions.py first seen with mtime 1622725688.1194792
File C:\Python36\Lib\asyncio\coroutines.py first seen with mtime 1497700638.0
File C:\py3.9\Lib\site-packages\django\template\backends\__init__.py first seen with mtime 1622725688.4628496
File C:\py3.9\Lib\site-packages\django\db\models\sql\constants.py first seen with mtime 1622725688.3377638
File C:\py3.9\Lib\site-packages\django\contrib\admin\views\main.py first seen with mtime 1622725685.1545756
File C:\py3.9\Lib\site-packages\django\db\migrations\operations\__init__.py first seen with mtime 1622725688.2849357
File C:\py3.9\Lib\site-packages\django\db\backends\base\creation.py first seen with mtime 1622725688.21271
File C:\py3.9\Lib\site-packages\django\db\migrations\exceptions.py first seen with mtime 1622725688.2702403
File C:\Python36\Lib\nturl2path.py first seen with mtime 1497700638.0
File C:\py3.9\Lib\site-packages\django\forms\utils.py first seen with mtime 1622725688.3586564
File C:\py3.9\Lib\site-packages\django\db\utils.py first seen with mtime 1622725688.203708
File C:\Python36\Lib\secrets.py first seen with mtime 1497700638.0
File C:\Python36\Lib\gzip.py first seen with mtime 1497700638.0
File C:\py3.9\Lib\site-packages\django\core\cache\backends\__init__.py first seen with mtime 1622725688.0936875
File C:\Python36\Lib\socket.py first seen with mtime 1497700638.0
File C:\py3.9\Lib\site-packages\django\contrib\sessions\base_session.py first seen with mtime 1622725687.5038075
File C:\py3.9\Lib\site-packages\django\db\backends\base\base.py first seen with mtime 1622725688.2107096
File C:\py3.9\Lib\site-packages\django\utils\baseconv.py first seen with mtime 1622725688.508257
File C:\Python36\Lib\tokenize.py first seen with mtime 1497700638.0
File C:\py3.9\Lib\site-packages\django\templatetags\__init__.py first seen with mtime 1622725688.4754362
File C:\py3.9\Lib\site-packages\django\views\generic\list.py first seen with mtime 1622725688.5820413
File C:\py3.9\Lib\site-packages\django\contrib\sessions\models.py first seen with mtime 1622725687.5068083
File C:\Python36\Lib\encodings\cp950.py first seen with mtime 1497700638.0
File C:\Python36\Lib\wsgiref\handlers.py first seen with mtime 1497700638.0
File C:\Python36\Lib\email\errors.py first seen with mtime 1497700638.0
File C:\py3.9\Lib\site-packages\django\template\smartif.py first seen with mtime 1622725688.4608493
File C:\py3.9\Lib\site-packages\django\contrib\admin\models.py first seen with mtime 1622725684.3963816
File C:\Python36\Lib\asyncio\subprocess.py first seen with mtime 1497700638.0
File C:\py3.9\Lib\site-packages\django\core\serializers\python.py first seen with mtime 1622725688.1949558
File C:\py3.9\Lib\site-packages\django\contrib\admin\templatetags\log.py first seen with mtime 1622725685.1495745
File C:\Python36\Lib\email\quoprimime.py first seen with mtime 1497700638.0
File C:\py3.9\Lib\site-packages\django\templatetags\l10n.py first seen with mtime 1622725688.479437
File C:\py3.9\Lib\site-packages\django\utils\tree.py first seen with mtime 1622725688.54877
File C:\Python36\Lib\unittest\signals.py first seen with mtime 1497700638.0
File C:\py3.9\Lib\site-packages\django\core\checks\model_checks.py first seen with mtime 1622725688.1093876
File C:\py3.9\Lib\site-packages\django\contrib\admin\templatetags\__init__.py first seen with mtime 1622725685.1435733
File C:\py3.9\Lib\site-packages\django\core\files\uploadedfile.py first seen with mtime 1622725688.1294806
File C:\py3.9\Scripts\hello_django\hello_django\urls.py first seen with mtime 1622726660.626598
File C:\Python36\Lib\stat.py first seen with mtime 1497700638.0
File C:\Python36\Lib\asyncio\__init__.py first seen with mtime 1497700638.0
File C:\Python36\Lib\io.py first seen with mtime 1497700638.0
File C:\Python36\DLLs\_bz2.pyd first seen with mtime 1499461116.0
File C:\py3.9\Lib\site-packages\django\contrib\messages\apps.py first seen with mtime 1622725687.007737
File C:\py3.9\Lib\site-packages\django\contrib\auth\apps.py first seen with mtime 1622725685.4337149
File C:\Python36\Lib\unittest\__init__.py first seen with mtime 1497700638.0
File C:\py3.9\Lib\site-packages\django\db\models\lookups.py first seen with mtime 1622725688.3059418
File C:\py3.9\Lib\site-packages\django\db\migrations\operations\utils.py first seen with mtime 1622725688.2919376
File C:\py3.9\Lib\site-packages\django\db\migrations\operations\fields.py first seen with mtime 1622725688.2879372
File C:\Python36\Lib\encodings\aliases.py first seen with mtime 1497700638.0
File C:\py3.9\Lib\site-packages\django\utils\hashable.py first seen with mtime 1622725688.5279944
File C:\Python36\Lib\ntpath.py first seen with mtime 1497700638.0
File C:\Python36\Lib\asyncio\base_subprocess.py first seen with mtime 1497700638.0
File C:\Python36\Lib\locale.py first seen with mtime 1497700638.0
File C:\Python36\Lib\http\__init__.py first seen with mtime 1497700638.0
File C:\py3.9\Lib\site-packages\django\contrib\auth\forms.py first seen with mtime 1622725685.4419484
File C:\py3.9\Lib\site-packages\django\core\signing.py first seen with mtime 1622725688.087686
File C:\py3.9\Lib\site-packages\django\contrib\messages\storage\__init__.py first seen with mtime 1622725687.0147378
File C:\Python36\Lib\opcode.py first seen with mtime 1497700638.0
File C:\Python36\Lib\pkgutil.py first seen with mtime 1497700638.0
File C:\py3.9\Lib\site-packages\django\middleware\cache.py first seen with mtime 1622725688.4348435
File C:\Python36\Lib\posixpath.py first seen with mtime 1497700638.0
File C:\py3.9\Lib\site-packages\django\core\cache\backends\base.py first seen with mtime 1622725688.095382
File C:\Python36\DLLs\select.pyd first seen with mtime 1499461110.0
File C:\py3.9\Lib\site-packages\django\utils\log.py first seen with mtime 1622725688.5368068
File C:\py3.9\Lib\site-packages\sqlparse\filters\right_margin.py first seen with mtime 1622725682.9510715
File C:\Python36\Lib\site.py first seen with mtime 1497700638.0
File C:\Python36\Lib\gettext.py first seen with mtime 1497700638.0
File C:\Python36\Lib\urllib\parse.py first seen with mtime 1499448224.0
File C:\Python36\Lib\bz2.py first seen with mtime 1497700638.0
File C:\py3.9\Lib\site-packages\django\contrib\sessions\backends\__init__.py first seen with mtime 1622725687.5088081
File C:\py3.9\Lib\site-packages\django\db\backends\signals.py first seen with mtime 1622725688.2067082
File C:\Python36\Lib\email\_header_value_parser.py first seen with mtime 1497700638.0
File C:\Python36\Lib\sysconfig.py first seen with mtime 1497700638.0
File C:\Python36\Lib\_compat_pickle.py first seen with mtime 1497700638.0
File C:\py3.9\Lib\site-packages\django\utils\dateparse.py first seen with mtime 1622725688.5149913
File C:\py3.9\Lib\site-packages\django\db\models\fields\json.py first seen with mtime 1622725688.3175519
File C:\py3.9\Lib\site-packages\django\utils\text.py first seen with mtime 1622725688.5441606
File C:\Python36\Lib\email\mime\text.py first seen with mtime 1497700638.0
File C:\py3.9\Lib\site-packages\django\contrib\sessions\__init__.py first seen with mtime 1622725687.5008066
File C:\py3.9\Lib\site-packages\django\contrib\staticfiles\finders.py first seen with mtime 1622725688.0619612
File C:\Python36\Lib\html\parser.py first seen with mtime 1497700638.0
File C:\py3.9\Lib\site-packages\django\db\models\fields\proxy.py first seen with mtime 1622725688.320552
File C:\py3.9\Lib\site-packages\django\core\checks\translation.py first seen with mtime 1622725688.1124034
File C:\Python36\Lib\cgi.py first seen with mtime 1497700638.0
File C:\py3.9\Lib\site-packages\django\core\checks\async_checks.py first seen with mtime 1622725688.104385
File C:\py3.9\Lib\site-packages\django\template\loaders\filesystem.py first seen with mtime 1622725688.4734356
File C:\Python36\Lib\functools.py first seen with mtime 1497700638.0
File C:\py3.9\Lib\site-packages\django\core\files\move.py first seen with mtime 1622725688.1254804
File C:\py3.9\Lib\site-packages\django\utils\inspect.py first seen with mtime 1622725688.5318038
File C:\py3.9\Lib\site-packages\django\core\handlers\base.py first seen with mtime 1622725688.1354823
File C:\py3.9\Lib\site-packages\django\db\models\expressions.py first seen with mtime 1622725688.302943
File C:\py3.9\Scripts\hello_django\myhello\__init__.py first seen with mtime 1622726121.3575933
File C:\py3.9\Lib\site-packages\django\forms\fields.py first seen with mtime 1622725688.3512077
File C:\Python36\Lib\asyncio\constants.py first seen with mtime 1497700638.0
File C:\Python36\Lib\traceback.py first seen with mtime 1497700638.0
File C:\Python36\Lib\urllib\__init__.py first seen with mtime 1497700638.0
File C:\Python36\Lib\_markupbase.py first seen with mtime 1497700638.0
File C:\py3.9\Lib\site-packages\django\utils\numberformat.py first seen with mtime 1622725688.5398073
File C:\Python36\Lib\wsgiref\simple_server.py first seen with mtime 1497700638.0
File C:\Python36\Lib\email\mime\message.py first seen with mtime 1497700638.0
File C:\py3.9\Lib\site-packages\django\utils\topological_sort.py first seen with mtime 1622725688.5477695
File C:\py3.9\Lib\site-packages\django\db\models\functions\mixins.py first seen with mtime 1622725688.3317626
File C:\py3.9\Lib\site-packages\django\http\response.py first seen with mtime 1622725688.432843
File C:\py3.9\Lib\site-packages\asgiref\__init__.py first seen with mtime 1622725683.8147318
File C:\py3.9\Lib\site-packages\django\db\models\options.py first seen with mtime 1622725688.3079412
File C:\Python36\Lib\email\_policybase.py first seen with mtime 1497700638.0
File C:\Python36\Lib\html\entities.py first seen with mtime 1497700638.0
File C:\py3.9\Lib\site-packages\django\core\exceptions.py first seen with mtime 1622725688.0826855
File C:\Python36\Lib\http\cookies.py first seen with mtime 1497700638.0
File C:\Python36\Lib\email\headerregistry.py first seen with mtime 1497700638.0
File C:\py3.9\Lib\site-packages\sqlparse\tokens.py first seen with mtime 1622725682.9360778
File C:\py3.9\Lib\site-packages\sqlparse\filters\aligned_indent.py first seen with mtime 1622725682.9460719
File C:\py3.9\Lib\site-packages\django\contrib\contenttypes\forms.py first seen with mtime 1622725685.756696
File C:\Python36\Lib\multiprocessing\connection.py first seen with mtime 1497700638.0
File C:\Python36\Lib\_bootlocale.py first seen with mtime 1497700638.0
File C:\Python36\Lib\shutil.py first seen with mtime 1497700638.0
File C:\py3.9\Lib\site-packages\django\db\models\functions\comparison.py first seen with mtime 1622725688.3277614
File C:\py3.9\Lib\site-packages\django\core\checks\security\__init__.py first seen with mtime 1622725688.1164758
File C:\py3.9\Lib\site-packages\django\forms\__init__.py first seen with mtime 1622725688.349207
File C:\Python36\Lib\json\encoder.py first seen with mtime 1497700638.0
File C:\py3.9\Lib\site-packages\django\middleware\security.py first seen with mtime 1622725688.443846
File C:\Python36\Lib\asyncio\locks.py first seen with mtime 1497700638.0
File C:\py3.9\Lib\site-packages\django\db\models\fields\files.py first seen with mtime 1622725688.3165514
File C:\Python36\Lib\json\__init__.py first seen with mtime 1497700638.0
File C:\py3.9\Lib\site-packages\django\contrib\__init__.py first seen with mtime 1622725684.3837256
File C:\Python36\Lib\concurrent\futures\thread.py first seen with mtime 1497700638.0
File C:\py3.9\Lib\site-packages\django\template\backends\django.py first seen with mtime 1622725688.4648502
File C:\py3.9\Lib\site-packages\sqlparse\filters\__init__.py first seen with mtime 1622725682.9450731
File C:\py3.9\Lib\site-packages\sqlparse\__init__.py first seen with mtime 1622725682.925072
File C:\Python36\Lib\sre_parse.py first seen with mtime 1497700638.0
File C:\py3.9\Lib\site-packages\django\db\backends\base\introspection.py first seen with mtime 1622725688.2147112
File C:\py3.9\Lib\site-packages\django\contrib\messages\__init__.py first seen with mtime 1622725687.0057366
File C:\Python36\Lib\email\utils.py first seen with mtime 1497700638.0
File C:\py3.9\Lib\site-packages\django\core\management\__init__.py first seen with mtime 1622725688.1517038
File C:\py3.9\Lib\site-packages\django\core\checks\urls.py first seen with mtime 1622725688.1144018
File C:\py3.9\Lib\site-packages\django\views\generic\dates.py first seen with mtime 1622725688.5790403
File C:\py3.9\Lib\site-packages\django\db\migrations\operations\models.py first seen with mtime 1622725688.2889366
File C:\py3.9\Lib\site-packages\django\core\mail\message.py first seen with mtime 1622725688.140483
File C:\py3.9\Lib\site-packages\django\contrib\staticfiles\utils.py first seen with mtime 1622725688.067963
File C:\py3.9\Lib\site-packages\django\views\__init__.py first seen with mtime 1622725688.5594034
File C:\py3.9\Lib\site-packages\django\db\models\constraints.py first seen with mtime 1622725688.2989392
File C:\py3.9\Lib\site-packages\django\utils\lorem_ipsum.py first seen with mtime 1622725688.5378065
File C:\Python36\Lib\quopri.py first seen with mtime 1497700638.0
File C:\Python36\Lib\selectors.py first seen with mtime 1497700638.0
File C:\Python36\Lib\string.py first seen with mtime 1497700638.0
File C:\py3.9\Lib\site-packages\django\template\__init__.py first seen with mtime 1622725688.4448457
File C:\py3.9\Lib\site-packages\django\db\backends\ddl_references.py first seen with mtime 1622725688.2057087
File C:\py3.9\Lib\site-packages\django\apps\config.py first seen with mtime 1622725683.8969896
File C:\py3.9\Lib\site-packages\django\http\__init__.py first seen with mtime 1622725688.427842
File C:\py3.9\Lib\site-packages\django\utils\__init__.py first seen with mtime 1622725688.501985
File C:\Python36\Lib\email\charset.py first seen with mtime 1497700638.0
File C:\py3.9\Lib\site-packages\django\core\handlers\wsgi.py first seen with mtime 1622725688.1374822
File C:\Python36\Lib\codecs.py first seen with mtime 1497700638.0
File C:\py3.9\Lib\site-packages\django\contrib\admin\decorators.py first seen with mtime 1622725684.3903382
File C:\Python36\Lib\multiprocessing\process.py first seen with mtime 1497700638.0
File C:\py3.9\Lib\site-packages\django\dispatch\__init__.py first seen with mtime 1622725688.3447657
File C:\py3.9\Lib\site-packages\django\contrib\auth\password_validation.py first seen with mtime 1622725685.4489503
File C:\py3.9\Lib\site-packages\django\utils\connection.py first seen with mtime 1622725688.5112598
File C:\py3.9\Lib\site-packages\django\views\generic\edit.py first seen with mtime 1622725688.581042
File C:\py3.9\Lib\site-packages\django\db\models\query.py first seen with mtime 1622725688.3095484
File C:\py3.9\Lib\site-packages\django\conf\urls\__init__.py first seen with mtime 1622725684.3807247
File C:\py3.9\Lib\site-packages\django\utils\safestring.py first seen with mtime 1622725688.5421598
File C:\py3.9\Lib\site-packages\django\db\models\sql\__init__.py first seen with mtime 1622725688.3357637
File C:\py3.9\Lib\site-packages\sqlparse\keywords.py first seen with mtime 1622725682.932067
File C:\py3.9\Lib\site-packages\django\db\models\fields\related_lookups.py first seen with mtime 1622725688.3247595
File C:\Python36\Lib\importlib\__init__.py first seen with mtime 1497700638.0
File C:\py3.9\Lib\site-packages\django\utils\translation\trans_real.py first seen with mtime 1622725688.5574028
File C:\Python36\Lib\concurrent\__init__.py first seen with mtime 1497700638.0
File C:\Python36\Lib\hashlib.py first seen with mtime 1497700638.0
File C:\py3.9\Lib\site-packages\django\db\backends\sqlite3\features.py first seen with mtime 1622725688.262433
File C:\py3.9\Lib\site-packages\django\db\models\base.py first seen with mtime 1622725688.2959394
File C:\py3.9\Lib\site-packages\django\db\models\signals.py first seen with mtime 1622725688.3125505
File C:\py3.9\Lib\site-packages\django\contrib\auth\__init__.py first seen with mtime 1622725685.4317076
File C:\Python36\Lib\asyncio\windows_events.py first seen with mtime 1497700638.0
File C:\py3.9\Lib\site-packages\sqlparse\filters\others.py first seen with mtime 1622725682.947078
File C:\py3.9\Lib\site-packages\django\contrib\messages\api.py first seen with mtime 1622725687.006736
File C:\py3.9\Lib\site-packages\sqlparse\engine\__init__.py first seen with mtime 1622725682.9390755
File C:\py3.9\Lib\site-packages\django\views\debug.py first seen with mtime 1622725688.5614038
File C:\py3.9\Lib\site-packages\django\contrib\messages\constants.py first seen with mtime 1622725687.008737
File C:\Python36\Lib\socketserver.py first seen with mtime 1497700638.0
File C:\py3.9\Lib\site-packages\django\template\defaulttags.py first seen with mtime 1622725688.4518476
File C:\py3.9\Lib\site-packages\django\utils\version.py first seen with mtime 1622725688.5504
File C:\Python36\Lib\dis.py first seen with mtime 1497700638.0
File C:\py3.9\Lib\site-packages\django\urls\utils.py first seen with mtime 1622725688.5009851
File C:\py3.9\Lib\site-packages\django\contrib\contenttypes\apps.py first seen with mtime 1622725685.7526946
File C:\py3.9\Lib\site-packages\django\core\handlers\exception.py first seen with mtime 1622725688.136482
File C:\py3.9\Lib\site-packages\django\template\autoreload.py first seen with mtime 1622725688.4458463
File C:\Python36\Lib\email\message.py first seen with mtime 1497700638.0
File C:\Python36\Lib\json\scanner.py first seen with mtime 1497700638.0
File C:\Python36\Lib\uuid.py first seen with mtime 1497700638.0
File C:\py3.9\Lib\site-packages\django\templatetags\i18n.py first seen with mtime 1622725688.478437
File C:\py3.9\Lib\site-packages\django\contrib\staticfiles\checks.py first seen with mtime 1622725688.0609615
File C:\py3.9\Lib\site-packages\django\template\utils.py first seen with mtime 1622725688.4618495
File C:\py3.9\Lib\site-packages\django\contrib\staticfiles\management\commands\__init__.py first seen with mtime 1622725688.071683
File C:\py3.9\Lib\site-packages\django\views\decorators\debug.py first seen with mtime 1622725688.5720394
File C:\py3.9\Lib\site-packages\django\core\files\temp.py first seen with mtime 1622725688.1284797
File C:\py3.9\Lib\site-packages\sqlparse\engine\statement_splitter.py first seen with mtime 1622725682.9430711
File C:\Python36\Lib\numbers.py first seen with mtime 1497700638.0
File C:\py3.9\Lib\site-packages\django\utils\datetime_safe.py first seen with mtime 1622725688.5179918
File C:\py3.9\Lib\site-packages\django\db\models\functions\datetime.py first seen with mtime 1622725688.329762
File C:\Python36\Lib\decimal.py first seen with mtime 1497700638.0
File C:\Python36\Lib\logging\handlers.py first seen with mtime 1497700638.0
File C:\py3.9\Lib\site-packages\django\utils\_os.py first seen with mtime 1622725688.5029852
File C:\py3.9\Lib\site-packages\django\db\backends\sqlite3\introspection.py first seen with mtime 1622725688.2634337
File C:\Python36\Lib\unittest\main.py first seen with mtime 1497700638.0
File C:\py3.9\Lib\site-packages\django\core\checks\security\base.py first seen with mtime 1622725688.1174786
File C:\Python36\Lib\statistics.py first seen with mtime 1497700638.0
File C:\py3.9\Lib\site-packages\asgiref\sync.py first seen with mtime 1622725683.821495
File C:\Python36\Lib\heapq.py first seen with mtime 1497700638.0
File C:\py3.9\Lib\site-packages\django\utils\html.py first seen with mtime 1622725688.5289943
File C:\py3.9\Lib\site-packages\django\http\request.py first seen with mtime 1622725688.4318426
File C:\py3.9\Lib\site-packages\sqlparse\cli.py first seen with mtime 1622725682.927069
File C:\Python36\Lib\email\mime\multipart.py first seen with mtime 1497700638.0
File C:\Python36\Lib\difflib.py first seen with mtime 1497700638.0
File C:\Python36\Lib\re.py first seen with mtime 1497700638.0
File C:\Python36\Lib\asyncio\base_futures.py first seen with mtime 1497700638.0
File C:\py3.9\Lib\site-packages\django\contrib\admin\templatetags\admin_urls.py first seen with mtime 1622725685.1475742
File C:\Python36\Lib\keyword.py first seen with mtime 1497700638.0
File C:\py3.9\Lib\site-packages\django\db\backends\sqlite3\base.py first seen with mtime 1622725688.2584324
File C:\py3.9\Lib\site-packages\django\contrib\sessions\middleware.py first seen with mtime 1622725687.5058074
File C:\Python36\Lib\asyncio\windows_utils.py first seen with mtime 1497700638.0
File C:\py3.9\Lib\site-packages\django\urls\__init__.py first seen with mtime 1622725688.4934406
File C:\py3.9\Lib\site-packages\django\utils\datastructures.py first seen with mtime 1622725688.5129895
File C:\py3.9\Lib\site-packages\django\core\checks\templates.py first seen with mtime 1622725688.1114028
File C:\py3.9\Lib\site-packages\django\http\cookie.py first seen with mtime 1622725688.428842
File C:\py3.9\Lib\site-packages\django\db\migrations\recorder.py first seen with mtime 1622725688.2789352
File C:\py3.9\Lib\site-packages\django\db\migrations\graph.py first seen with mtime 1622725688.2729335
File C:\py3.9\Lib\site-packages\django\middleware\common.py first seen with mtime 1622725688.4368439
File C:\py3.9\Lib\site-packages\django\contrib\auth\migrations\0004_alter_user_username_opts.py first seen with mtime 1622725685.7360716
File C:\py3.9\Lib\site-packages\django\contrib\sessions\migrations\__init__.py first seen with mtime 1622725687.772906
File C:\py3.9\Lib\site-packages\django\contrib\auth\migrations\__init__.py first seen with mtime 1622725685.74672
File C:\py3.9\Lib\site-packages\django\contrib\auth\migrations\0005_alter_user_last_login_null.py first seen with mtime 1622725685.737087
File C:\py3.9\Lib\site-packages\django\contrib\admin\migrations\0002_logentry_remove_auto_add.py first seen with mtime 1622725684.913542
File C:\py3.9\Lib\site-packages\django\contrib\auth\migrations\0010_alter_group_name_max_length.py first seen with mtime 1622725685.7429397
File C:\py3.9\Lib\site-packages\django\contrib\messages\middleware.py first seen with mtime 1622725687.011737
File C:\py3.9\Scripts\hello_django\myhello\migrations\__init__.py first seen with mtime 1622726121.3595922
File C:\py3.9\Lib\site-packages\django\contrib\sessions\exceptions.py first seen with mtime 1622725687.5048068
File C:\py3.9\Lib\site-packages\django\contrib\contenttypes\migrations\0002_remove_content_type_name.py first seen with mtime 1622725686.0464516
File C:\py3.9\Lib\site-packages\django\contrib\auth\migrations\0002_alter_permission_name_max_length.py first seen with mtime 1622725685.7330866
File C:\py3.9\Lib\site-packages\django\contrib\contenttypes\migrations\0001_initial.py first seen with mtime 1622725686.0454495
File C:\py3.9\Lib\site-packages\django\contrib\auth\migrations\0006_require_contenttypes_0002.py first seen with mtime 1622725685.738088
File C:\py3.9\Lib\site-packages\django\db\migrations\loader.py first seen with mtime 1622725688.2739336
File C:\py3.9\Lib\site-packages\django\contrib\auth\migrations\0001_initial.py first seen with mtime 1622725685.7320862
File C:\py3.9\Lib\site-packages\django\contrib\sessions\backends\db.py first seen with mtime 1622725687.5138094
File C:\py3.9\Lib\site-packages\django\contrib\auth\migrations\0009_alter_user_last_name_max_length.py first seen with mtime 1622725685.7419393
File C:\py3.9\Scripts\hello_django\hello_django\wsgi.py first seen with mtime 1622725732.8359015
File C:\py3.9\Lib\site-packages\django\contrib\admin\migrations\__init__.py first seen with mtime 1622725684.9155557
File C:\py3.9\Lib\site-packages\django\contrib\auth\migrations\0008_alter_user_username_max_length.py first seen with mtime 1622725685.740937
File C:\py3.9\Lib\site-packages\django\db\migrations\executor.py first seen with mtime 1622725688.2719316
File C:\py3.9\Lib\site-packages\django\contrib\sessions\backends\base.py first seen with mtime 1622725687.5108085
File C:\py3.9\Lib\site-packages\django\middleware\clickjacking.py first seen with mtime 1622725688.4358437
File C:\py3.9\Lib\site-packages\django\contrib\auth\migrations\0012_alter_user_first_name_max_length.py first seen with mtime 1622725685.7457182
File C:\py3.9\Lib\site-packages\django\contrib\admin\migrations\0003_logentry_add_action_flag_choices.py first seen with mtime 1622725684.9145553
File C:\Python36\Lib\stringprep.py first seen with mtime 1497700638.0
File C:\py3.9\Lib\site-packages\django\contrib\admin\migrations\0001_initial.py first seen with mtime 1622725684.9125483
File C:\Python36\Lib\encodings\idna.py first seen with mtime 1497700638.0
File C:\py3.9\Lib\site-packages\django\contrib\contenttypes\migrations\__init__.py first seen with mtime 1622725686.0474517
File C:\py3.9\Lib\site-packages\django\contrib\auth\migrations\0011_update_proxy_permissions.py first seen with mtime 1622725685.7439396
File C:\py3.9\Lib\site-packages\django\contrib\auth\migrations\0007_alter_validators_add_error_messages.py first seen with mtime 1622725685.739086
File C:\py3.9\Lib\site-packages\django\contrib\sessions\migrations\0001_initial.py first seen with mtime 1622725687.7718973
File C:\py3.9\Lib\site-packages\django\contrib\auth\migrations\0003_alter_user_email_max_length.py first seen with mtime 1622725685.7350838
"GET /myhello HTTP/1.1" 301 0
"GET /myhello/ HTTP/1.1" 200 9
Exception while resolving variable 'name' in template 'unknown'.
Traceback (most recent call last):
  File "C:\py3.9\lib\site-packages\django\core\handlers\exception.py", line 47, in inner
    response = get_response(request)
  File "C:\py3.9\lib\site-packages\django\core\handlers\base.py", line 167, in _get_response
    callback, callback_args, callback_kwargs = self.resolve_request(request)
  File "C:\py3.9\lib\site-packages\django\core\handlers\base.py", line 290, in resolve_request
    resolver_match = resolver.resolve(request.path_info)
  File "C:\py3.9\lib\site-packages\django\urls\resolvers.py", line 585, in resolve
    raise Resolver404({'tried': tried, 'path': new_path})
django.urls.exceptions.Resolver404: {'tried': [[<URLResolver <URLPattern list> (admin:admin) 'admin/'>], [<URLResolver <module 'myhello.urls' from 'C:\\py3.9\\Scripts\\hello_django\\myhello\\urls.py'> (None:None) 'myhello/'>]], 'path': 'favicon.ico'}

During handling of the above exception, another exception occurred:

Traceback (most recent call last):
  File "C:\py3.9\lib\site-packages\django\template\base.py", line 829, in _resolve_lookup
    current = current[bit]
TypeError: 'URLResolver' object is not subscriptable

During handling of the above exception, another exception occurred:

Traceback (most recent call last):
  File "C:\py3.9\lib\site-packages\django\template\base.py", line 837, in _resolve_lookup
    current = getattr(current, bit)
AttributeError: 'URLResolver' object has no attribute 'name'

During handling of the above exception, another exception occurred:

Traceback (most recent call last):
  File "C:\py3.9\lib\site-packages\django\template\base.py", line 843, in _resolve_lookup
    current = current[int(bit)]
ValueError: invalid literal for int() with base 10: 'name'

During handling of the above exception, another exception occurred:

Traceback (most recent call last):
  File "C:\py3.9\lib\site-packages\django\template\base.py", line 850, in _resolve_lookup
    (bit, current))  # missing attribute
django.template.base.VariableDoesNotExist: Failed lookup for key [name] in <URLResolver <URLPattern list> (admin:admin) 'admin/'>
Exception while resolving variable 'name' in template 'unknown'.
Traceback (most recent call last):
  File "C:\py3.9\lib\site-packages\django\core\handlers\exception.py", line 47, in inner
    response = get_response(request)
  File "C:\py3.9\lib\site-packages\django\core\handlers\base.py", line 167, in _get_response
    callback, callback_args, callback_kwargs = self.resolve_request(request)
  File "C:\py3.9\lib\site-packages\django\core\handlers\base.py", line 290, in resolve_request
    resolver_match = resolver.resolve(request.path_info)
  File "C:\py3.9\lib\site-packages\django\urls\resolvers.py", line 585, in resolve
    raise Resolver404({'tried': tried, 'path': new_path})
django.urls.exceptions.Resolver404: {'tried': [[<URLResolver <URLPattern list> (admin:admin) 'admin/'>], [<URLResolver <module 'myhello.urls' from 'C:\\py3.9\\Scripts\\hello_django\\myhello\\urls.py'> (None:None) 'myhello/'>]], 'path': 'favicon.ico'}

During handling of the above exception, another exception occurred:

Traceback (most recent call last):
  File "C:\py3.9\lib\site-packages\django\template\base.py", line 829, in _resolve_lookup
    current = current[bit]
TypeError: 'URLResolver' object is not subscriptable

During handling of the above exception, another exception occurred:

Traceback (most recent call last):
  File "C:\py3.9\lib\site-packages\django\template\base.py", line 837, in _resolve_lookup
    current = getattr(current, bit)
AttributeError: 'URLResolver' object has no attribute 'name'

During handling of the above exception, another exception occurred:

Traceback (most recent call last):
  File "C:\py3.9\lib\site-packages\django\template\base.py", line 843, in _resolve_lookup
    current = current[int(bit)]
ValueError: invalid literal for int() with base 10: 'name'

During handling of the above exception, another exception occurred:

Traceback (most recent call last):
  File "C:\py3.9\lib\site-packages\django\template\base.py", line 850, in _resolve_lookup
    (bit, current))  # missing attribute
django.template.base.VariableDoesNotExist: Failed lookup for key [name] in <URLResolver <module 'myhello.urls' from 'C:\\py3.9\\Scripts\\hello_django\\myhello\\urls.py'> (None:None) 'myhello/'>
Not Found: /favicon.ico
"GET /favicon.ico HTTP/1.1" 404 2224
File C:\py3.9\Lib\site-packages\django\contrib\messages\utils.py first seen with mtime 1622725687.012738
File C:\py3.9\Lib\site-packages\django\contrib\messages\storage\base.py first seen with mtime 1622725687.0157387
File C:\py3.9\Lib\site-packages\django\contrib\messages\storage\session.py first seen with mtime 1622725687.0197394
File C:\py3.9\Lib\site-packages\django\contrib\messages\storage\cookie.py first seen with mtime 1622725687.016739
File C:\py3.9\Lib\site-packages\django\contrib\sessions\serializers.py first seen with mtime 1622725687.5088081
File C:\py3.9\Lib\site-packages\django\contrib\messages\storage\fallback.py first seen with mtime 1622725687.0177393
